           0   -7.5406676 -8.8817842e-16            0            0        7.469 
           2   -7.5396182     0.007469            0            0        7.469 
           4    -7.538559     0.014938            0            0        7.469 
           6   -7.5374886     0.022407            0            0        7.469 
           8   -7.5364087     0.029876            0            0        7.469 
          10   -7.5353218     0.037345            0            0        7.469 
          12   -7.5342268     0.044814            0            0        7.469 
          14   -7.5331214     0.052283            0            0        7.469 
          16   -7.5320048     0.059752            0            0        7.469 
          18   -7.5308804     0.067221            0            0        7.469 
          20   -7.5297506      0.07469            0            0        7.469 
          22   -7.5286123     0.082159            0            0        7.469 
          24   -7.5274685     0.089628            0            0        7.469 
          26   -7.5263263     0.097097            0            0        7.469 
          28   -7.5251654     0.104566            0            0        7.469 
          30   -7.5240233     0.112035            0            0        7.469 
          32   -7.5608703     0.119504            0            0        7.469 
          34   -7.5603612     0.126973            0            0        7.469 
          36   -7.5598798     0.134442            0            0        7.469 
          38     -7.55935     0.141911            0            0        7.469 
          40   -7.5588057      0.14938            0            0        7.469 
          42   -7.5582503     0.156849            0            0        7.469 
          44   -7.5576843     0.164318            0            0        7.469 
          46   -7.5571101     0.171787            0            0        7.469 
          48   -7.5612798     0.179256            0            0        7.469 
          50   -7.5607901     0.186725            0            0        7.469 
          52    -7.560444     0.194194            0            0        7.469 
          54   -7.5599607     0.201663            0            0        7.469 
          56   -7.5594631     0.209132            0            0        7.469 
          58   -7.5589508     0.216601            0            0        7.469 
          60   -7.5584453      0.22407            0            0        7.469 
          62     -7.55791     0.231539            0            0        7.469 
          64   -7.5573614     0.239008            0            0        7.469 
          66   -7.5567972     0.246477            0            0        7.469 
          68   -7.5562254     0.253946            0            0        7.469 
          70   -7.5556397     0.261415            0            0        7.469 
          72   -7.5550353     0.268884            0            0        7.469 
          74   -7.5544204     0.276353            0            0        7.469 
          76   -7.5537959     0.283822            0            0        7.469 
          78    -7.553155     0.291291            0            0        7.469 
          80    -7.552529      0.29876            0            0        7.469 
          82   -7.5518804     0.306229            0            0        7.469 
          84    -7.551218     0.313698            0            0        7.469 
          86   -7.5641257     0.321167            0            0        7.469 
          88   -7.5636051     0.328636            0            0        7.469 
          90   -7.5630677     0.336105            0            0        7.469 
          92   -7.5625139     0.343574            0            0        7.469 
          94   -7.5619432     0.351043            0            0        7.469 
          96   -7.5613567     0.358512            0            0        7.469 
          98   -7.5607547     0.365981            0            0        7.469 
         100   -7.5601352      0.37345            0            0        7.469 
         102   -7.5595021     0.380919            0            0        7.469 
         104   -7.5588507     0.388388            0            0        7.469 
         106   -7.5581847     0.395857            0            0        7.469 
         108   -7.5575024     0.403326            0            0        7.469 
         110   -7.5568061     0.410795            0            0        7.469 
         112   -7.5560936     0.418264            0            0        7.469 
         114   -7.5553658     0.425733            0            0        7.469 
         116   -7.5546249     0.433202            0            0        7.469 
         118   -7.5538703     0.440671            0            0        7.469 
         120   -7.5531002      0.44814            0            0        7.469 
         122   -7.5523211     0.455609            0            0        7.469 
         124   -7.5515296     0.463078            0            0        7.469 
         126   -7.5910654     0.470547            0            0        7.469 
         128   -7.5907166     0.478016            0            0        7.469 
         130    -7.590352     0.485485            0            0        7.469 
         132   -7.5899764     0.492954            0            0        7.469 
         134   -7.5895816     0.500423            0            0        7.469 
         136   -7.5891736     0.507892            0            0        7.469 
         138   -7.5887492     0.515361            0            0        7.469 
         140   -7.5883093      0.52283            0            0        7.469 
         142   -7.5878538     0.530299            0            0        7.469 
         144   -7.5873839     0.537768            0            0        7.469 
         146    -7.586899     0.545237            0            0        7.469 
         148   -7.5863983     0.552706            0            0        7.469 
         150   -7.5858831     0.560175            0            0        7.469 
         152   -7.5853522     0.567644            0            0        7.469 
         154   -7.5848059     0.575113            0            0        7.469 
         156   -7.5842449     0.582582            0            0        7.469 
         158   -7.5836703     0.590051            0            0        7.469 
         160   -7.5830808      0.59752            0            0        7.469 
         162   -7.5824762     0.604989            0            0        7.469 
         164   -7.5818559     0.612458            0            0        7.469 
         166   -7.5812253     0.619927            0            0        7.469 
         168   -7.5805776     0.627396            0            0        7.469 
         170   -7.5799159     0.634865            0            0        7.469 
         172   -7.5792385     0.642334            0            0        7.469 
         174   -7.5785488     0.649803            0            0        7.469 
         176   -7.5778426     0.657272            0            0        7.469 
         178   -7.5771269     0.664741            0            0        7.469 
         180   -7.5763949      0.67221            0            0        7.469 
         182   -7.5756511     0.679679            0            0        7.469 
         184   -7.5748929     0.687148            0            0        7.469 
         186   -7.5741218     0.694617            0            0        7.469 
         188   -7.5733362     0.702086            0            0        7.469 
         190   -7.5725383     0.709555            0            0        7.469 
         192   -7.5717267     0.717024            0            0        7.469 
         194   -7.5709019     0.724493            0            0        7.469 
         196   -7.5700649     0.731962            0            0        7.469 
         198   -7.5692148     0.739431            0            0        7.469 
         200   -7.5683502       0.7469            0            0        7.469 
         202   -7.5674726     0.754369            0            0        7.469 
         204   -7.5665804     0.761838            0            0        7.469 
         206   -7.5656745     0.769307            0            0        7.469 
         208   -7.5647582     0.776776            0            0        7.469 
         210   -7.5638286     0.784245            0            0        7.469 
         212   -7.5628887     0.791714            0            0        7.469 
         214   -7.5619352     0.799183            0            0        7.469 
         216   -7.5609717     0.806652            0            0        7.469 
         218   -7.5599962     0.814121            0            0        7.469 
         220   -7.5590099      0.82159            0            0        7.469 
         222   -7.5580119     0.829059            0            0        7.469 
         224   -7.5570071     0.836528            0            0        7.469 
         226   -7.5559906     0.843997            0            0        7.469 
         228   -7.5549623     0.851466            0            0        7.469 
         230   -7.5539272     0.858935            0            0        7.469 
         232   -7.5528825     0.866404            0            0        7.469 
         234   -7.5518327     0.873873            0            0        7.469 
         236   -7.5507869     0.881342            0            0        7.469 
         238   -7.5497308     0.888811            0            0        7.469 
         240   -7.5486851      0.89628            0            0        7.469 
         242   -7.5643239     0.903749            0            0        7.469 
         244    -7.563699     0.911218            0            0        7.469 
         246   -7.5630641     0.918687            0            0        7.469 
         248   -7.5624182     0.926156            0            0        7.469 
         250   -7.5617612     0.933625            0            0        7.469 
         252   -7.5610947     0.941094            0            0        7.469 
         254   -7.5604184     0.948563            0            0        7.469 
         256   -7.5597373     0.956032            0            0        7.469 
         258   -7.5590476     0.963501            0            0        7.469 
         260   -7.5583494      0.97097            0            0        7.469 
         262    -7.557642     0.978439            0            0        7.469 
         264   -7.5569239     0.985908            0            0        7.469 
         266   -7.5561998     0.993377            0            0        7.469 
         268   -7.5554689     1.000846            0            0        7.469 
         270   -7.5547321     1.008315            0            0        7.469 
         272   -7.5539872     1.015784            0            0        7.469 
         274   -7.5532411     1.023253            0            0        7.469 
         276   -7.5524865     1.030722            0            0        7.469 
         278   -7.5517321     1.038191            0            0        7.469 
         280   -7.5509889      1.04566            0            0        7.469 
         282    -7.575469     1.053129            0            0        7.469 
         284   -7.5751101     1.060598            0            0        7.469 
         286   -7.5747363     1.068067            0            0        7.469 
         288   -7.5743472     1.075536            0            0        7.469 
         290   -7.5739429     1.083005            0            0        7.469 
         292   -7.5735234     1.090474            0            0        7.469 
         294    -7.573087     1.097943            0            0        7.469 
         296   -7.5726356     1.105412            0            0        7.469 
         298   -7.5721685     1.112881            0            0        7.469 
         300   -7.5716852      1.12035            0            0        7.469 
         302   -7.5721691     1.112881            0            0        7.469 
         304    -7.572637     1.105412            0            0        7.469 
         306   -7.5730888     1.097943            0            0        7.469 
         308   -7.5735247     1.090474            0            0        7.469 
         310   -7.5739442     1.083005            0            0        7.469 
         312   -7.5743491     1.075536            0            0        7.469 
         314    -7.574738     1.068067            0            0        7.469 
         316   -7.5751106     1.060598            0            0        7.469 
         318   -7.5754712     1.053129            0            0        7.469 
         320    -7.575814      1.04566            0            0        7.469 
         322   -7.5761414     1.038191            0            0        7.469 
         324   -7.5764556     1.030722            0            0        7.469 
         326   -7.5767524     1.023253            0            0        7.469 
         328   -7.5770354     1.015784            0            0        7.469 
         330   -7.5773017     1.008315            0            0        7.469 
         332   -7.5775539     1.000846            0            0        7.469 
         334   -7.5777884     0.993377            0            0        7.469 
         336   -7.5780076     0.985908            0            0        7.469 
         338   -7.5782135     0.978439            0            0        7.469 
         340   -7.5784031      0.97097            0            0        7.469 
         342   -7.5785786     0.963501            0            0        7.469 
         344   -7.5787397     0.956032            0            0        7.469 
         346    -7.578887     0.948563            0            0        7.469 
         348   -7.5790165     0.941094            0            0        7.469 
         350   -7.5791335     0.933625            0            0        7.469 
         352   -7.5792369     0.926156            0            0        7.469 
         354   -7.5793256     0.918687            0            0        7.469 
         356   -7.5793995     0.911218            0            0        7.469 
         358   -7.5794649     0.903749            0            0        7.469 
         360   -7.5795139      0.89628            0            0        7.469 
         362   -7.5795493     0.888811            0            0        7.469 
         364   -7.5795762     0.881342            0            0        7.469 
         366   -7.5795879     0.873873            0            0        7.469 
         368   -7.5795845     0.866404            0            0        7.469 
         370    -7.579579     0.858935            0            0        7.469 
         372   -7.5795622     0.851466            0            0        7.469 
         374   -7.5795338     0.843997            0            0        7.469 
         376   -7.5794972     0.836528            0            0        7.469 
         378   -7.5794424     0.829059            0            0        7.469 
         380   -7.5793878      0.82159            0            0        7.469 
         382     -7.57932     0.814121            0            0        7.469 
         384   -7.5792433     0.806652            0            0        7.469 
         386   -7.5791569     0.799183            0            0        7.469 
         388   -7.5790632     0.791714            0            0        7.469 
         390   -7.5789695     0.784245            0            0        7.469 
         392   -7.5849195     0.776776            0            0        7.469 
         394   -7.5849165     0.769307            0            0        7.469 
         396   -7.5848954     0.761838            0            0        7.469 
         398   -7.5848587     0.754369            0            0        7.469 
         400    -7.584804       0.7469            0            0        7.469 
         402   -7.5847315     0.739431            0            0        7.469 
         404   -7.5846427     0.731962            0            0        7.469 
         406   -7.5845371     0.724493            0            0        7.469 
         408   -7.5844135     0.717024            0            0        7.469 
         410   -7.5842767     0.709555            0            0        7.469 
         412   -7.5841221     0.702086            0            0        7.469 
         414   -7.5839544     0.694617            0            0        7.469 
         416   -7.5837728     0.687148            0            0        7.469 
         418    -7.583574     0.679679            0            0        7.469 
         420   -7.5834799      0.67221            0            0        7.469 
         422   -7.5832917     0.664741            0            0        7.469 
         424   -7.5836946     0.657272            0            0        7.469 
         426   -7.5836001     0.649803            0            0        7.469 
         428   -7.5834942     0.642334            0            0        7.469 
         430   -7.5833804     0.634865            0            0        7.469 
         432   -7.5832502     0.627396            0            0        7.469 
         434    -7.583121     0.619927            0            0        7.469 
         436   -7.5829724     0.612458            0            0        7.469 
         438   -7.5828092     0.604989            0            0        7.469 
         440    -7.582634      0.59752            0            0        7.469 
         442   -7.5824429     0.590051            0            0        7.469 
         444   -7.5822411     0.582582            0            0        7.469 
         446   -7.5820243     0.575113            0            0        7.469 
         448   -7.5817912     0.567644            0            0        7.469 
         450   -7.5815433     0.560175            0            0        7.469 
         452   -7.5812795     0.552706            0            0        7.469 
         454   -7.5810029     0.545237            0            0        7.469 
         456   -7.5807118     0.537768            0            0        7.469 
         458   -7.5804033     0.530299            0            0        7.469 
         460   -7.5800845      0.52283            0            0        7.469 
         462   -7.5797474     0.515361            0            0        7.469 
         464   -7.5793986     0.507892            0            0        7.469 
         466   -7.5790329     0.500423            0            0        7.469 
         468   -7.5786526     0.492954            0            0        7.469 
         470   -7.5782605     0.485485            0            0        7.469 
         472   -7.5778515     0.478016            0            0        7.469 
         474   -7.5774271     0.470547            0            0        7.469 
         476   -7.5769901     0.463078            0            0        7.469 
         478   -7.5765442     0.455609            0            0        7.469 
         480    -7.576084      0.44814            0            0        7.469 
         482   -7.5756304     0.440671            0            0        7.469 
         484   -7.5751509     0.433202            0            0        7.469 
         486   -7.5746581     0.425733            0            0        7.469 
         488   -7.5741491     0.418264            0            0        7.469 
         490   -7.5736222     0.410795            0            0        7.469 
         492   -7.5730814     0.403326            0            0        7.469 
         494   -7.5725223     0.395857            0            0        7.469 
         496   -7.5719482     0.388388            0            0        7.469 
         498   -7.5714415     0.380919            0            0        7.469 
         500   -7.5708459      0.37345            0            0        7.469 
         502   -7.5702327     0.365981            0            0        7.469 
         504   -7.5696035     0.358512            0            0        7.469 
         506   -7.5689566     0.351043            0            0        7.469 
         508    -7.568293     0.343574            0            0        7.469 
         510   -7.5676133     0.336105            0            0        7.469 
         512   -7.5669179     0.328636            0            0        7.469 
         514   -7.5662056     0.321167            0            0        7.469 
         516    -7.565479     0.313698            0            0        7.469 
         518   -7.5647375     0.306229            0            0        7.469 
         520   -7.5639813      0.29876            0            0        7.469 
         522   -7.5632086     0.291291            0            0        7.469 
         524   -7.5624252     0.283822            0            0        7.469 
         526   -7.5616372     0.276353            0            0        7.469 
         528   -7.5608291     0.268884            0            0        7.469 
         530   -7.5600132     0.261415            0            0        7.469 
         532   -7.5591763     0.253946            0            0        7.469 
         534   -7.5583251     0.246477            0            0        7.469 
         536   -7.5574594     0.239008            0            0        7.469 
         538   -7.5565805     0.231539            0            0        7.469 
         540   -7.5556873      0.22407            0            0        7.469 
         542   -7.5547876     0.216601            0            0        7.469 
         544   -7.5538716     0.209132            0            0        7.469 
         546   -7.5529564     0.201663            0            0        7.469 
         548   -7.5520274     0.194194            0            0        7.469 
         550   -7.5510858     0.186725            0            0        7.469 
         552   -7.5501376     0.179256            0            0        7.469 
         554    -7.559372     0.171787            0            0        7.469 
         556   -7.5586147     0.164318            0            0        7.469 
         558   -7.5578435     0.156849            0            0        7.469 
         560   -7.5570615      0.14938            0            0        7.469 
         562   -7.5562666     0.141911            0            0        7.469 
         564   -7.5554593     0.134442            0            0        7.469 
         566   -7.5546445     0.126973            0            0        7.469 
         568   -7.5538259     0.119504            0            0        7.469 
         570   -7.5529923     0.112035            0            0        7.469 
         572   -7.5521636     0.104566            0            0        7.469 
         574   -7.5513185     0.097097            0            0        7.469 
         576   -7.5504833     0.089628            0            0        7.469 
         578   -7.5513448     0.082159            0            0        7.469 
         580   -7.5505933      0.07469            0            0        7.469 
         582   -7.5498366     0.067221            0            0        7.469 
         584    -7.549065     0.059752            0            0        7.469 
         586   -7.5483142     0.052283            0            0        7.469 
         588   -7.5475367     0.044814            0            0        7.469 
         590   -7.5467554     0.037345            0            0        7.469 
         592   -7.5459576     0.029876            0            0        7.469 
         594   -7.5451562     0.022407            0            0        7.469 
         596   -7.5443413     0.014938            0            0        7.469 
         598    -7.543522     0.007469            0            0        7.469 
         600   -7.5426961 -8.8817842e-16            0            0        7.469 
         600   -7.5426962 -8.8817842e-16            0            0        7.469 
         602   -7.5418642    -0.007469            0            0        7.469 
         604   -7.5454814    -0.014938            0            0        7.469 
         606   -7.5448374    -0.022407            0            0        7.469 
         608   -7.5441708    -0.029876            0            0        7.469 
         610   -7.5481112    -0.037345            0            0        7.469 
         612   -7.5474388    -0.044814            0            0        7.469 
         614   -7.5467522    -0.052283            0            0        7.469 
         616   -7.5460505    -0.059752            0            0        7.469 
         618   -7.5453384    -0.067221            0            0        7.469 
         620   -7.5446164     -0.07469            0            0        7.469 
         622   -7.5438811    -0.082159            0            0        7.469 
         624    -7.543132    -0.089628            0            0        7.469 
         626   -7.5423828    -0.097097            0            0        7.469 
         628   -7.5416355    -0.104566            0            0        7.469 
         630   -7.5408608    -0.112035            0            0        7.469 
         632   -7.5400738    -0.119504            0            0        7.469 
         634    -7.539303    -0.126973            0            0        7.469 
         636   -7.5385077    -0.134442            0            0        7.469 
         638   -7.5377057    -0.141911            0            0        7.469 
         640   -7.5369008     -0.14938            0            0        7.469 
         642   -7.5464746    -0.156849            0            0        7.469 
         644   -7.5458322    -0.164318            0            0        7.469 
         646   -7.5451861    -0.171787            0            0        7.469 
         648   -7.5445323    -0.179256            0            0        7.469 
         650   -7.5438621    -0.186725            0            0        7.469 
         652   -7.5431789    -0.194194            0            0        7.469 
         654   -7.5424853    -0.201663            0            0        7.469 
         656   -7.5417858    -0.209132            0            0        7.469 
         658   -7.5410803    -0.216601            0            0        7.469 
         660   -7.5403659     -0.22407            0            0        7.469 
         662    -7.539636    -0.231539            0            0        7.469 
         664   -7.5389003    -0.239008            0            0        7.469 
         666   -7.5381562    -0.246477            0            0        7.469 
         668   -7.5534488    -0.253946            0            0        7.469 
         670   -7.5534448    -0.261415            0            0        7.469 
         672   -7.5529718    -0.268884            0            0        7.469 
         674   -7.5524886    -0.276353            0            0        7.469 
         676   -7.5519956    -0.283822            0            0        7.469 
         678   -7.5514929    -0.291291            0            0        7.469 
         680   -7.5509792     -0.29876            0            0        7.469 
         682   -7.5504523    -0.306229            0            0        7.469 
         684   -7.5499144    -0.313698            0            0        7.469 
         686   -7.5493671    -0.321167            0            0        7.469 
         688   -7.5488043    -0.328636            0            0        7.469 
         690   -7.5482314    -0.336105            0            0        7.469 
         692   -7.5476468    -0.343574            0            0        7.469 
         694   -7.5470509    -0.351043            0            0        7.469 
         696   -7.5464402    -0.358512            0            0        7.469 
         698   -7.5458234    -0.365981            0            0        7.469 
         700   -7.5451941     -0.37345            0            0        7.469 
         702   -7.5454441    -0.380919            0            0        7.469 
         704    -7.544873    -0.388388            0            0        7.469 
         706    -7.544285    -0.395857            0            0        7.469 
         708   -7.5436862    -0.403326            0            0        7.469 
         710   -7.5430848    -0.410795            0            0        7.469 
         712    -7.542468    -0.418264            0            0        7.469 
         714   -7.5510395    -0.425733            0            0        7.469 
         716   -7.5506181    -0.433202            0            0        7.469 
         718   -7.5501852    -0.440671            0            0        7.469 
         720   -7.5497384     -0.44814            0            0        7.469 
         722   -7.5492802    -0.455609            0            0        7.469 
         724   -7.5488138    -0.463078            0            0        7.469 
         726   -7.5483371    -0.470547            0            0        7.469 
         728   -7.5478452    -0.478016            0            0        7.469 
         730   -7.5473472    -0.485485            0            0        7.469 
         732   -7.5468401    -0.492954            0            0        7.469 
         734   -7.5463187    -0.500423            0            0        7.469 
         736   -7.5461264    -0.507892            0            0        7.469 
         738   -7.5456219    -0.515361            0            0        7.469 
         740   -7.5451303     -0.52283            0            0        7.469 
         742   -7.5490616    -0.530299            0            0        7.469 
         744   -7.5486184    -0.537768            0            0        7.469 
         746   -7.5481632    -0.545237            0            0        7.469 
         748   -7.5476959    -0.552706            0            0        7.469 
         750     -7.54722    -0.560175            0            0        7.469 
         752   -7.5467338    -0.567644            0            0        7.469 
         754   -7.5462415    -0.575113            0            0        7.469 
         756   -7.5457781    -0.582582            0            0        7.469 
         758   -7.5455455    -0.590051            0            0        7.469 
         760    -7.545072     -0.59752            0            0        7.469 
         762   -7.5445846    -0.604989            0            0        7.469 
         764   -7.5440853    -0.612458            0            0        7.469 
         766   -7.5435766    -0.619927            0            0        7.469 
         768   -7.5430559    -0.627396            0            0        7.469 
         770   -7.5425258    -0.634865            0            0        7.469 
         772   -7.5419868    -0.642334            0            0        7.469 
         774   -7.5414355    -0.649803            0            0        7.469 
         776   -7.5408742    -0.657272            0            0        7.469 
         778   -7.5403019    -0.664741            0            0        7.469 
         780   -7.5397198     -0.67221            0            0        7.469 
         782   -7.5391273    -0.679679            0            0        7.469 
         784   -7.5385227    -0.687148            0            0        7.469 
         786     -7.53791    -0.694617            0            0        7.469 
         788   -7.5372843    -0.702086            0            0        7.469 
         790   -7.5366482    -0.709555            0            0        7.469 
         792   -7.5360017    -0.717024            0            0        7.469 
         794   -7.5353456    -0.724493            0            0        7.469 
         796   -7.5346762    -0.731962            0            0        7.469 
         798   -7.5339988    -0.739431            0            0        7.469 
         800   -7.5333079      -0.7469            0            0        7.469 
         802   -7.5326087    -0.754369            0            0        7.469 
         804   -7.5318973    -0.761838            0            0        7.469 
         806   -7.5311834    -0.769307            0            0        7.469 
         808   -7.5304606    -0.776776            0            0        7.469 
         810   -7.5297292    -0.784245            0            0        7.469 
         812   -7.5289985    -0.791714            0            0        7.469 
         814   -7.5282663    -0.799183            0            0        7.469 
         816   -7.5275162    -0.806652            0            0        7.469 
         818   -7.5267589    -0.814121            0            0        7.469 
         820   -7.5259926     -0.82159            0            0        7.469 
         822   -7.5707525    -0.829059            0            0        7.469 
         824   -7.5704366    -0.836528            0            0        7.469 
         826   -7.5700987    -0.843997            0            0        7.469 
         828   -7.5697495    -0.851466            0            0        7.469 
         830   -7.5693891    -0.858935            0            0        7.469 
         832   -7.5690166    -0.866404            0            0        7.469 
         834   -7.5686327    -0.873873            0            0        7.469 
         836    -7.568242    -0.881342            0            0        7.469 
         838   -7.5679506    -0.888811            0            0        7.469 
         840   -7.5675383     -0.89628            0            0        7.469 
         842   -7.5673995    -0.903749            0            0        7.469 
         844   -7.5669906    -0.911218            0            0        7.469 
         846   -7.5668588    -0.918687            0            0        7.469 
         848   -7.5664236    -0.926156            0            0        7.469 
         850   -7.5659745    -0.933625            0            0        7.469 
         852   -7.5655166    -0.941094            0            0        7.469 
         854   -7.5650449    -0.948563            0            0        7.469 
         856   -7.5645618    -0.956032            0            0        7.469 
         858   -7.5640678    -0.963501            0            0        7.469 
         860   -7.5635624     -0.97097            0            0        7.469 
         862   -7.5630435    -0.978439            0            0        7.469 
         864   -7.5625135    -0.985908            0            0        7.469 
         866   -7.5619722    -0.993377            0            0        7.469 
         868   -7.5614181    -1.000846            0            0        7.469 
         870   -7.5608548    -1.008315            0            0        7.469 
         872   -7.5602807    -1.015784            0            0        7.469 
         874   -7.5596949    -1.023253            0            0        7.469 
         876   -7.5591003    -1.030722            0            0        7.469 
         878   -7.5584963    -1.038191            0            0        7.469 
         880   -7.5578901     -1.04566            0            0        7.469 
         882   -7.5588574    -1.053129            0            0        7.469 
         884    -7.558314    -1.060598            0            0        7.469 
         886   -7.5577576    -1.068067            0            0        7.469 
         888   -7.5571901    -1.075536            0            0        7.469 
         890    -7.556612    -1.083005            0            0        7.469 
         892   -7.5560212    -1.090474            0            0        7.469 
         894   -7.5554198    -1.097943            0            0        7.469 
         896   -7.5671255    -1.105412            0            0        7.469 
         898   -7.5669514    -1.112881            0            0        7.469 
         900   -7.5667632     -1.12035            0            0        7.469 
         902   -7.5669519    -1.112881            0            0        7.469 
         904    -7.567129    -1.105412            0            0        7.469 
         906   -7.5672958    -1.097943            0            0        7.469 
         908   -7.5674517    -1.090474            0            0        7.469 
         910   -7.5675928    -1.083005            0            0        7.469 
         912   -7.5677233    -1.075536            0            0        7.469 
         914   -7.5678433    -1.068067            0            0        7.469 
         916    -7.567948    -1.060598            0            0        7.469 
         918   -7.5680414    -1.053129            0            0        7.469 
         920   -7.5681269     -1.04566            0            0        7.469 
         922   -7.5681981    -1.038191            0            0        7.469 
         924   -7.5682551    -1.030722            0            0        7.469 
         926   -7.5683057    -1.023253            0            0        7.469 
         928   -7.5683467    -1.015784            0            0        7.469 
         930    -7.568371    -1.008315            0            0        7.469 
         932   -7.5683857    -1.000846            0            0        7.469 
         934   -7.5683901    -0.993377            0            0        7.469 
         936   -7.5683857    -0.985908            0            0        7.469 
         938   -7.5683669    -0.978439            0            0        7.469 
         940   -7.5683379     -0.97097            0            0        7.469 
         942   -7.5683007    -0.963501            0            0        7.469 
         944   -7.5682522    -0.956032            0            0        7.469 
         946   -7.5681992    -0.948563            0            0        7.469 
         948   -7.5681511    -0.941094            0            0        7.469 
         950   -7.5680992    -0.933625            0            0        7.469 
         952   -7.5680186    -0.926156            0            0        7.469 
         954   -7.5679314    -0.918687            0            0        7.469 
         956   -7.5678433    -0.911218            0            0        7.469 
         958   -7.5677399    -0.903749            0            0        7.469 
         960   -7.5676239     -0.89628            0            0        7.469 
         962   -7.5674992    -0.888811            0            0        7.469 
         964   -7.5673727    -0.881342            0            0        7.469 
         966   -7.5672305    -0.873873            0            0        7.469 
         968   -7.5670791    -0.866404            0            0        7.469 
         970   -7.5669194    -0.858935            0            0        7.469 
         972   -7.5667616    -0.851466            0            0        7.469 
         974   -7.5665843    -0.843997            0            0        7.469 
         976   -7.5832078    -0.836528            0            0        7.469 
         978   -7.5831248    -0.829059            0            0        7.469 
         980   -7.5830243     -0.82159            0            0        7.469 
         982   -7.5829112    -0.814121            0            0        7.469 
         984   -7.5827851    -0.806652            0            0        7.469 
         986   -7.5826524    -0.799183            0            0        7.469 
         988   -7.5825032    -0.791714            0            0        7.469 
         990   -7.5823417    -0.784245            0            0        7.469 
         992   -7.5821673    -0.776776            0            0        7.469 
         994   -7.5819836    -0.769307            0            0        7.469 
         996   -7.5817858    -0.761838            0            0        7.469 
         998   -7.5815729    -0.754369            0            0        7.469 
        1000   -7.5813546      -0.7469            0            0        7.469 
        1002   -7.5816479    -0.739431            0            0        7.469 
        1004   -7.5814831    -0.731962            0            0        7.469 
        1006   -7.5813209    -0.724493            0            0        7.469 
        1008   -7.5811372    -0.717024            0            0        7.469 
        1010   -7.5809432    -0.709555            0            0        7.469 
        1012   -7.5807305    -0.702086            0            0        7.469 
        1014   -7.5805098    -0.694617            0            0        7.469 
        1016   -7.5802739    -0.687148            0            0        7.469 
        1018   -7.5800224    -0.679679            0            0        7.469 
        1020    -7.579765     -0.67221            0            0        7.469 
        1022   -7.5794989    -0.664741            0            0        7.469 
        1024   -7.5792231    -0.657272            0            0        7.469 
        1026   -7.5789418    -0.649803            0            0        7.469 
        1028   -7.5786363    -0.642334            0            0        7.469 
        1030   -7.5783152    -0.634865            0            0        7.469 
        1032   -7.5779871    -0.627396            0            0        7.469 
        1034   -7.5776405    -0.619927            0            0        7.469 
        1036   -7.5772864    -0.612458            0            0        7.469 
        1038   -7.5769179    -0.604989            0            0        7.469 
        1040   -7.5765363     -0.59752            0            0        7.469 
        1042   -7.5761375    -0.590051            0            0        7.469 
        1044   -7.5757345    -0.582582            0            0        7.469 
        1046   -7.5753131    -0.575113            0            0        7.469 
        1048   -7.5748821    -0.567644            0            0        7.469 
        1050   -7.5744363    -0.560175            0            0        7.469 
        1052   -7.5739746    -0.552706            0            0        7.469 
        1054   -7.5735005    -0.545237            0            0        7.469 
        1056   -7.5730203    -0.537768            0            0        7.469 
        1058   -7.5725207    -0.530299            0            0        7.469 
        1060    -7.572011     -0.52283            0            0        7.469 
        1062   -7.5714907    -0.515361            0            0        7.469 
        1064   -7.5709597    -0.507892            0            0        7.469 
        1066   -7.5724163    -0.500423            0            0        7.469 
        1068    -7.571951    -0.492954            0            0        7.469 
        1070   -7.5714679    -0.485485            0            0        7.469 
        1072   -7.5709728    -0.478016            0            0        7.469 
        1074   -7.5704677    -0.470547            0            0        7.469 
        1076   -7.5699494    -0.463078            0            0        7.469 
        1078   -7.5694222    -0.455609            0            0        7.469 
        1080   -7.5688851     -0.44814            0            0        7.469 
        1082   -7.5683377    -0.440671            0            0        7.469 
        1084   -7.5677774    -0.433202            0            0        7.469 
        1086   -7.5672078    -0.425733            0            0        7.469 
        1088   -7.5666305    -0.418264            0            0        7.469 
        1090   -7.5660421    -0.410795            0            0        7.469 
        1092   -7.5654509    -0.403326            0            0        7.469 
        1094   -7.5648449    -0.395857            0            0        7.469 
        1096   -7.5642286    -0.388388            0            0        7.469 
        1098   -7.5636035    -0.380919            0            0        7.469 
        1100   -7.5629682     -0.37345            0            0        7.469 
        1102   -7.5623218    -0.365981            0            0        7.469 
        1104   -7.5616707    -0.358512            0            0        7.469 
        1106   -7.5610256    -0.351043            0            0        7.469 
        1108   -7.5603564    -0.343574            0            0        7.469 
        1110   -7.5596835    -0.336105            0            0        7.469 
        1112   -7.5589965    -0.328636            0            0        7.469 
        1114   -7.5583025    -0.321167            0            0        7.469 
        1116   -7.5575997    -0.313698            0            0        7.469 
        1118   -7.5568918    -0.306229            0            0        7.469 
        1120   -7.5572744     -0.29876            0            0        7.469 
        1122   -7.5566278    -0.291291            0            0        7.469 
        1124   -7.5559734    -0.283822            0            0        7.469 
        1126   -7.5553153    -0.276353            0            0        7.469 
        1128   -7.5599993    -0.268884            0            0        7.469 
        1130   -7.5593916    -0.261415            0            0        7.469 
        1132   -7.5587704    -0.253946            0            0        7.469 
        1134    -7.558139    -0.246477            0            0        7.469 
        1136   -7.5575009    -0.239008            0            0        7.469 
        1138   -7.5568452    -0.231539            0            0        7.469 
        1140   -7.5561829     -0.22407            0            0        7.469 
        1142   -7.5641478    -0.216601            0            0        7.469 
        1144   -7.5637689    -0.209132            0            0        7.469 
        1146   -7.5633762    -0.201663            0            0        7.469 
        1148   -7.5629856    -0.194194            0            0        7.469 
        1150   -7.5625933    -0.186725            0            0        7.469 
        1152   -7.5621813    -0.179256            0            0        7.469 
        1154    -7.561774    -0.171787            0            0        7.469 
        1156    -7.561353    -0.164318            0            0        7.469 
        1158   -7.5615453    -0.156849            0            0        7.469 
        1160   -7.5611065     -0.14938            0            0        7.469 
        1162   -7.5606575    -0.141911            0            0        7.469 
        1164   -7.5601998    -0.134442            0            0        7.469 
        1166   -7.5597309    -0.126973            0            0        7.469 
        1168   -7.5592513    -0.119504            0            0        7.469 
        1170   -7.5587624    -0.112035            0            0        7.469 
        1172   -7.5582658    -0.104566            0            0        7.469 
        1174    -7.557758    -0.097097            0            0        7.469 
        1176   -7.5572398    -0.089628            0            0        7.469 
        1178    -7.556712    -0.082159            0            0        7.469 
        1180   -7.5561811     -0.07469            0            0        7.469 
        1182   -7.5556435    -0.067221            0            0        7.469 
        1184   -7.5550952    -0.059752            0            0        7.469 
        1186   -7.5866055    -0.052283            0            0        7.469 
        1188   -7.5864506    -0.044814            0            0        7.469 
        1190   -7.5862822    -0.037345            0            0        7.469 
        1192   -7.5861044    -0.029876            0            0        7.469 
        1194   -7.5859127    -0.022407            0            0        7.469 
        1196   -7.5857156    -0.014938            0            0        7.469 
        1198   -7.5855034    -0.007469            0            0        7.469 
        1200    -7.585282 -8.8817842e-16            0            0        7.469 
