This is pdfTeX, Version 3.1415926-2.5-1.40.14 (TeX Live 2013/Debian) (format=pdflatex 2013.12.24)  5 FEB 2014 11:03
entering extended mode
 restricted \write18 enabled.
 file:line:error style messages enabled.
 %&-line parsing enabled.
**appendix.tex
(./appendix.tex
LaTeX2e <2011/06/27>
Babel <3.9f> and hyphenation patterns for 8 languages loaded.
./appendix.tex:1: Undefined control sequence.
l.1 \appendix
             
? 
./appendix.tex:1: Emergency stop.
l.1 \appendix
             
End of file on the terminal!

 
Here is how much of TeX's memory you used:
 5 strings out of 494972
 137 string characters out of 6178839
 46027 words of memory out of 5000000
 3329 multiletter control sequences out of 15000+600000
 3640 words of font info for 14 fonts, out of 8000000 for 9000
 14 hyphenation exceptions out of 8191
 5i,0n,1p,24b,8s stack positions out of 5000i,500n,10000p,200000b,80000s
./appendix.tex:1:  ==> Fatal error occurred, no output PDF file produced!
