           0   -7.6547892 -8.8817842e-16            0            0        7.469 
           2   -7.6547483     0.007469            0            0        7.469 
           4   -7.6547043     0.014938            0            0        7.469 
           6   -7.6547998     0.022407            0            0        7.469 
           8   -7.6561464     0.029876            0            0        7.469 
          10   -7.6561269     0.037345            0            0        7.469 
          12   -7.6561024     0.044814            0            0        7.469 
          14   -7.6560698     0.052283            0            0        7.469 
          16   -7.6560301     0.059752            0            0        7.469 
          18   -7.6560157     0.067221            0            0        7.469 
          20   -7.6562119      0.07469            0            0        7.469 
          22   -7.6562291     0.082159            0            0        7.469 
          24   -7.6562331     0.089628            0            0        7.469 
          26   -7.6562265     0.097097            0            0        7.469 
          28   -7.6562119     0.104566            0            0        7.469 
          30   -7.6561882     0.112035            0            0        7.469 
          32   -7.6561544     0.119504            0            0        7.469 
          34   -7.6561102     0.126973            0            0        7.469 
          36   -7.6560553     0.134442            0            0        7.469 
          38   -7.6559919     0.141911            0            0        7.469 
          40   -7.6559179      0.14938            0            0        7.469 
          42   -7.6558339     0.156849            0            0        7.469 
          44   -7.6557488     0.164318            0            0        7.469 
          46   -7.6556441     0.171787            0            0        7.469 
          48   -7.6555391     0.179256            0            0        7.469 
          50   -7.6554142     0.186725            0            0        7.469 
          52   -7.6552855     0.194194            0            0        7.469 
          54   -7.6551486     0.201663            0            0        7.469 
          56   -7.6555812     0.209132            0            0        7.469 
          58   -7.6554244     0.216601            0            0        7.469 
          60   -7.6552567      0.22407            0            0        7.469 
          62   -7.6550798     0.231539            0            0        7.469 
          64   -7.6548908     0.239008            0            0        7.469 
          66   -7.6546944     0.246477            0            0        7.469 
          68   -7.6544836     0.253946            0            0        7.469 
          70   -7.6542642     0.261415            0            0        7.469 
          72   -7.6540307     0.268884            0            0        7.469 
          74   -7.6537852     0.276353            0            0        7.469 
          76   -7.6535284     0.283822            0            0        7.469 
          78    -7.653261     0.291291            0            0        7.469 
          80   -7.6529834      0.29876            0            0        7.469 
          82   -7.6526933     0.306229            0            0        7.469 
          84   -7.6523915     0.313698            0            0        7.469 
          86   -7.6520755     0.321167            0            0        7.469 
          88   -7.6517495     0.328636            0            0        7.469 
          90   -7.6514136     0.336105            0            0        7.469 
          92   -7.6510609     0.343574            0            0        7.469 
          94   -7.6507003     0.351043            0            0        7.469 
          96   -7.6503239     0.358512            0            0        7.469 
          98   -7.6499377     0.365981            0            0        7.469 
         100   -7.6495379      0.37345            0            0        7.469 
         102   -7.6491318     0.380919            0            0        7.469 
         104   -7.6487119     0.388388            0            0        7.469 
         106   -7.6482783     0.395857            0            0        7.469 
         108   -7.6478305     0.403326            0            0        7.469 
         110   -7.6473755     0.410795            0            0        7.469 
         112   -7.6469068     0.418264            0            0        7.469 
         114   -7.6464282     0.425733            0            0        7.469 
         116   -7.6459333     0.433202            0            0        7.469 
         118   -7.6454305     0.440671            0            0        7.469 
         120   -7.6449167      0.44814            0            0        7.469 
         122   -7.6454376     0.440671            0            0        7.469 
         124   -7.6459382     0.433202            0            0        7.469 
         126   -7.6464274     0.425733            0            0        7.469 
         128   -7.6469061     0.418264            0            0        7.469 
         130   -7.6473774     0.410795            0            0        7.469 
         132   -7.6478352     0.403326            0            0        7.469 
         134   -7.6482792     0.395857            0            0        7.469 
         136   -7.6487109     0.388388            0            0        7.469 
         138   -7.6491314     0.380919            0            0        7.469 
         140   -7.6495416      0.37345            0            0        7.469 
         142   -7.6499374     0.365981            0            0        7.469 
         144   -7.6503203     0.358512            0            0        7.469 
         146   -7.6506969     0.351043            0            0        7.469 
         148   -7.6510576     0.343574            0            0        7.469 
         150   -7.6514123     0.336105            0            0        7.469 
         152    -7.651752     0.328636            0            0        7.469 
         154   -7.6520771     0.321167            0            0        7.469 
         156   -7.6523946     0.313698            0            0        7.469 
         158   -7.6526954     0.306229            0            0        7.469 
         160   -7.6529878      0.29876            0            0        7.469 
         162   -7.6532624     0.291291            0            0        7.469 
         164    -7.653531     0.283822            0            0        7.469 
         166   -7.6537857     0.276353            0            0        7.469 
         168   -7.6540252     0.268884            0            0        7.469 
         170   -7.6542649     0.261415            0            0        7.469 
         172    -7.654484     0.253946            0            0        7.469 
         174   -7.6546917     0.246477            0            0        7.469 
         176   -7.6548937     0.239008            0            0        7.469 
         178   -7.6550788     0.231539            0            0        7.469 
         180   -7.6552545      0.22407            0            0        7.469 
         182   -7.6554198     0.216601            0            0        7.469 
         184   -7.6555748     0.209132            0            0        7.469 
         186   -7.6557223     0.201663            0            0        7.469 
         188   -7.6558609     0.194194            0            0        7.469 
         190   -7.6559871     0.186725            0            0        7.469 
         192   -7.6561069     0.179256            0            0        7.469 
         194   -7.6562096     0.171787            0            0        7.469 
         196   -7.6563115     0.164318            0            0        7.469 
         198   -7.6564062     0.156849            0            0        7.469 
         200   -7.6564724      0.14938            0            0        7.469 
         202   -7.6565325     0.141911            0            0        7.469 
         204   -7.6565784     0.134442            0            0        7.469 
         206   -7.6566163     0.126973            0            0        7.469 
         208   -7.6566415     0.119504            0            0        7.469 
         210   -7.6566593     0.112035            0            0        7.469 
         212   -7.6566654     0.104566            0            0        7.469 
         214   -7.6566579     0.097097            0            0        7.469 
         216   -7.6566419     0.089628            0            0        7.469 
         218   -7.6566154     0.082159            0            0        7.469 
         220   -7.6565776      0.07469            0            0        7.469 
         222   -7.6565338     0.067221            0            0        7.469 
         224   -7.6564883     0.059752            0            0        7.469 
         226   -7.6564263     0.052283            0            0        7.469 
         228   -7.6563659     0.044814            0            0        7.469 
         230    -7.656296     0.037345            0            0        7.469 
         232   -7.6562204     0.029876            0            0        7.469 
         234   -7.6562807     0.022407            0            0        7.469 
         236   -7.6562564     0.014938            0            0        7.469 
         238   -7.6562202     0.007469            0            0        7.469 
         240   -7.6561725 -8.8817842e-16            0            0        7.469 
         240   -7.6561973 -8.8817842e-16            0            0        7.469 
         242   -7.6561277    -0.007469            0            0        7.469 
         244   -7.6560693    -0.014938            0            0        7.469 
         246   -7.6559968    -0.022407            0            0        7.469 
         248   -7.6559173    -0.029876            0            0        7.469 
         250   -7.6558297    -0.037345            0            0        7.469 
         252   -7.6557309    -0.044814            0            0        7.469 
         254   -7.6556272    -0.052283            0            0        7.469 
         256   -7.6555107    -0.059752            0            0        7.469 
         258   -7.6553896    -0.067221            0            0        7.469 
         260   -7.6552532     -0.07469            0            0        7.469 
         262   -7.6551087    -0.082159            0            0        7.469 
         264   -7.6549512    -0.089628            0            0        7.469 
         266   -7.6547805    -0.097097            0            0        7.469 
         268   -7.6546025    -0.104566            0            0        7.469 
         270   -7.6544085    -0.112035            0            0        7.469 
         272    -7.654206    -0.119504            0            0        7.469 
         274   -7.6540033    -0.126973            0            0        7.469 
         276   -7.6537784    -0.134442            0            0        7.469 
         278   -7.6535408    -0.141911            0            0        7.469 
         280   -7.6532958     -0.14938            0            0        7.469 
         282   -7.6530373    -0.156849            0            0        7.469 
         284   -7.6527654    -0.164318            0            0        7.469 
         286   -7.6524848    -0.171787            0            0        7.469 
         288   -7.6521893    -0.179256            0            0        7.469 
         290   -7.6518831    -0.186725            0            0        7.469 
         292   -7.6515728    -0.194194            0            0        7.469 
         294   -7.6512415    -0.201663            0            0        7.469 
         296   -7.6509004    -0.209132            0            0        7.469 
         298   -7.6505573    -0.216601            0            0        7.469 
         300   -7.6503761     -0.22407            0            0        7.469 
         302   -7.6500131    -0.231539            0            0        7.469 
         304   -7.6496342    -0.239008            0            0        7.469 
         306   -7.6492416    -0.246477            0            0        7.469 
         308   -7.6488404    -0.253946            0            0        7.469 
         310   -7.6484224    -0.261415            0            0        7.469 
         312   -7.6486382    -0.268884            0            0        7.469 
         314   -7.6482469    -0.276353            0            0        7.469 
         316   -7.6478461    -0.283822            0            0        7.469 
         318     -7.64748    -0.291291            0            0        7.469 
         320   -7.6470562     -0.29876            0            0        7.469 
         322   -7.6466226    -0.306229            0            0        7.469 
         324   -7.6461728    -0.313698            0            0        7.469 
         326   -7.6457125    -0.321167            0            0        7.469 
         328   -7.6452374    -0.328636            0            0        7.469 
         330    -7.644752    -0.336105            0            0        7.469 
         332   -7.6442529    -0.343574            0            0        7.469 
         334   -7.6437392    -0.351043            0            0        7.469 
         336   -7.6432131    -0.358512            0            0        7.469 
         338   -7.6426791    -0.365981            0            0        7.469 
         340    -7.642124     -0.37345            0            0        7.469 
         342   -7.6415606    -0.380919            0            0        7.469 
         344   -7.6409874    -0.388388            0            0        7.469 
         346   -7.6403962    -0.395857            0            0        7.469 
         348   -7.6397956    -0.403326            0            0        7.469 
         350   -7.6391793    -0.410795            0            0        7.469 
         352   -7.6385509    -0.418264            0            0        7.469 
         354   -7.6379098    -0.425733            0            0        7.469 
         356    -7.637253    -0.433202            0            0        7.469 
         358   -7.6365898    -0.440671            0            0        7.469 
         360   -7.6359099     -0.44814            0            0        7.469 
         362   -7.6365947    -0.440671            0            0        7.469 
         364   -7.6372592    -0.433202            0            0        7.469 
         366   -7.6379105    -0.425733            0            0        7.469 
         368    -7.638549    -0.418264            0            0        7.469 
         370   -7.6391804    -0.410795            0            0        7.469 
         372   -7.6397965    -0.403326            0            0        7.469 
         374   -7.6404009    -0.395857            0            0        7.469 
         376   -7.6409882    -0.388388            0            0        7.469 
         378   -7.6415656    -0.380919            0            0        7.469 
         380   -7.6421288     -0.37345            0            0        7.469 
         382   -7.6426791    -0.365981            0            0        7.469 
         384   -7.6432163    -0.358512            0            0        7.469 
         386    -7.643738    -0.351043            0            0        7.469 
         388   -7.6442539    -0.343574            0            0        7.469 
         390    -7.644751    -0.336105            0            0        7.469 
         392   -7.6452382    -0.328636            0            0        7.469 
         394    -7.645711    -0.321167            0            0        7.469 
         396   -7.6461695    -0.313698            0            0        7.469 
         398   -7.6466179    -0.306229            0            0        7.469 
         400   -7.6470532     -0.29876            0            0        7.469 
         402   -7.6474755    -0.291291            0            0        7.469 
         404   -7.6478833    -0.283822            0            0        7.469 
         406   -7.6482819    -0.276353            0            0        7.469 
         408   -7.6486601    -0.268884            0            0        7.469 
         410   -7.6490329    -0.261415            0            0        7.469 
         412   -7.6493886    -0.253946            0            0        7.469 
         414   -7.6497356    -0.246477            0            0        7.469 
         416    -7.650068    -0.239008            0            0        7.469 
         418   -7.6503868    -0.231539            0            0        7.469 
         420   -7.6506906     -0.22407            0            0        7.469 
         422   -7.6509828    -0.216601            0            0        7.469 
         424   -7.6512612    -0.209132            0            0        7.469 
         426   -7.6515266    -0.201663            0            0        7.469 
         428   -7.6518624    -0.194194            0            0        7.469 
         430   -7.6521146    -0.186725            0            0        7.469 
         432   -7.6523591    -0.179256            0            0        7.469 
         434   -7.6525956    -0.171787            0            0        7.469 
         436   -7.6528384    -0.164318            0            0        7.469 
         438   -7.6531511    -0.156849            0            0        7.469 
         440   -7.6533758     -0.14938            0            0        7.469 
         442   -7.6535873    -0.141911            0            0        7.469 
         444   -7.6537864    -0.134442            0            0        7.469 
         446     -7.65398    -0.126973            0            0        7.469 
         448   -7.6541545    -0.119504            0            0        7.469 
         450   -7.6543446    -0.112035            0            0        7.469 
         452   -7.6545146    -0.104566            0            0        7.469 
         454   -7.6546719    -0.097097            0            0        7.469 
         456   -7.6548132    -0.089628            0            0        7.469 
         458   -7.6549419    -0.082159            0            0        7.469 
         460   -7.6550698     -0.07469            0            0        7.469 
         462   -7.6551764    -0.067221            0            0        7.469 
         464   -7.6552799    -0.059752            0            0        7.469 
         466   -7.6553684    -0.052283            0            0        7.469 
         468   -7.6554457    -0.044814            0            0        7.469 
         470   -7.6555067    -0.037345            0            0        7.469 
         472   -7.6555732    -0.029876            0            0        7.469 
         474   -7.6559633    -0.022407            0            0        7.469 
         476   -7.6560191    -0.014938            0            0        7.469 
         478    -7.656066    -0.007469            0            0        7.469 
         480   -7.6561021 -8.8817842e-16            0            0        7.469 
