           0   -7.6547892 -8.8817842e-16            0            0        7.469 
           2   -7.6547601     0.007469            0            0        7.469 
           4   -7.6548384     0.014938            0            0        7.469 
           6   -7.6561653     0.022407            0            0        7.469 
           8   -7.6561589     0.029876            0            0        7.469 
          10   -7.6561436     0.037345            0            0        7.469 
          12   -7.6561202     0.044814            0            0        7.469 
          14    -7.656088     0.052283            0            0        7.469 
          16   -7.6560687     0.059752            0            0        7.469 
          18   -7.6562096     0.067221            0            0        7.469 
          20   -7.6562326      0.07469            0            0        7.469 
          22   -7.6562466     0.082159            0            0        7.469 
          24     -7.65625     0.089628            0            0        7.469 
          26   -7.6562446     0.097097            0            0        7.469 
          28   -7.6562303     0.104566            0            0        7.469 
          30   -7.6562055     0.112035            0            0        7.469 
          32   -7.6561707     0.119504            0            0        7.469 
          34   -7.6561267     0.126973            0            0        7.469 
          36   -7.6560723     0.134442            0            0        7.469 
          38   -7.6560078     0.141911            0            0        7.469 
          40   -7.6559346      0.14938            0            0        7.469 
          42   -7.6558572     0.156849            0            0        7.469 
          44   -7.6557638     0.164318            0            0        7.469 
          46    -7.655666     0.171787            0            0        7.469 
          48    -7.655553     0.179256            0            0        7.469 
          50   -7.6554331     0.186725            0            0        7.469 
          52   -7.6553049     0.194194            0            0        7.469 
          54   -7.6557375     0.201663            0            0        7.469 
          56   -7.6555942     0.209132            0            0        7.469 
          58   -7.6554387     0.216601            0            0        7.469 
          60   -7.6552724      0.22407            0            0        7.469 
          62   -7.6550945     0.231539            0            0        7.469 
          64   -7.6549081     0.239008            0            0        7.469 
          66   -7.6547091     0.246477            0            0        7.469 
          68   -7.6544997     0.253946            0            0        7.469 
          70   -7.6542784     0.261415            0            0        7.469 
          72   -7.6540448     0.268884            0            0        7.469 
          74      -7.6538     0.276353            0            0        7.469 
          76   -7.6535437     0.283822            0            0        7.469 
          78   -7.6532772     0.291291            0            0        7.469 
          80   -7.6529991      0.29876            0            0        7.469 
          82   -7.6527087     0.306229            0            0        7.469 
          84   -7.6524055     0.313698            0            0        7.469 
          86    -7.652091     0.321167            0            0        7.469 
          88   -7.6517661     0.328636            0            0        7.469 
          90   -7.6514265     0.336105            0            0        7.469 
          92   -7.6510766     0.343574            0            0        7.469 
          94    -7.650713     0.351043            0            0        7.469 
          96   -7.6503382     0.358512            0            0        7.469 
          98   -7.6499507     0.365981            0            0        7.469 
         100   -7.6495542      0.37345            0            0        7.469 
         102    -7.649146     0.380919            0            0        7.469 
         104   -7.6487248     0.388388            0            0        7.469 
         106   -7.6482907     0.395857            0            0        7.469 
         108   -7.6478464     0.403326            0            0        7.469 
         110   -7.6473903     0.410795            0            0        7.469 
         112   -7.6469219     0.418264            0            0        7.469 
         114   -7.6464408     0.425733            0            0        7.469 
         116    -7.645949     0.433202            0            0        7.469 
         118   -7.6454461     0.440671            0            0        7.469 
         120   -7.6449312      0.44814            0            0        7.469 
         122   -7.6444042     0.455609            0            0        7.469 
         124    -7.643866     0.463078            0            0        7.469 
         126   -7.6433182     0.470547            0            0        7.469 
         128   -7.6427578     0.478016            0            0        7.469 
         130   -7.6421874     0.485485            0            0        7.469 
         132   -7.6416055     0.492954            0            0        7.469 
         134   -7.6410116     0.500423            0            0        7.469 
         136   -7.6404083     0.507892            0            0        7.469 
         138   -7.6397933     0.515361            0            0        7.469 
         140   -7.6391737      0.52283            0            0        7.469 
         142   -7.6385436     0.530299            0            0        7.469 
         144   -7.6379071     0.537768            0            0        7.469 
         146   -7.6372636     0.545237            0            0        7.469 
         148   -7.6425934     0.552706            0            0        7.469 
         150   -7.6421271     0.560175            0            0        7.469 
         152   -7.6416456     0.567644            0            0        7.469 
         154   -7.6416854     0.575113            0            0        7.469 
         156   -7.6412972     0.582582            0            0        7.469 
         158   -7.6409323     0.590051            0            0        7.469 
         160   -7.6405417      0.59752            0            0        7.469 
         162    -7.640151     0.604989            0            0        7.469 
         164   -7.6397555     0.612458            0            0        7.469 
         166   -7.6393487     0.619927            0            0        7.469 
         168   -7.6389306     0.627396            0            0        7.469 
         170   -7.6385018     0.634865            0            0        7.469 
         172   -7.6380611     0.642334            0            0        7.469 
         174   -7.6376098     0.649803            0            0        7.469 
         176   -7.6371516     0.657272            0            0        7.469 
         178    -7.636676     0.664741            0            0        7.469 
         180   -7.6361919      0.67221            0            0        7.469 
         182   -7.6356932     0.679679            0            0        7.469 
         184   -7.6351843     0.687148            0            0        7.469 
         186   -7.6346627     0.694617            0            0        7.469 
         188   -7.6341279     0.702086            0            0        7.469 
         190   -7.6335804     0.709555            0            0        7.469 
         192   -7.6330204     0.717024            0            0        7.469 
         194   -7.6324482     0.724493            0            0        7.469 
         196   -7.6318635     0.731962            0            0        7.469 
         198   -7.6312673     0.739431            0            0        7.469 
         200   -7.6306621       0.7469            0            0        7.469 
         202   -7.6312709     0.739431            0            0        7.469 
         204   -7.6318662     0.731962            0            0        7.469 
         206   -7.6324486     0.724493            0            0        7.469 
         208   -7.6330193     0.717024            0            0        7.469 
         210   -7.6335795     0.709555            0            0        7.469 
         212   -7.6341282     0.702086            0            0        7.469 
         214   -7.6346626     0.694617            0            0        7.469 
         216   -7.6351848     0.687148            0            0        7.469 
         218   -7.6356943     0.679679            0            0        7.469 
         220   -7.6361926      0.67221            0            0        7.469 
         222   -7.6366781     0.664741            0            0        7.469 
         224   -7.6371505     0.657272            0            0        7.469 
         226   -7.6376107     0.649803            0            0        7.469 
         228   -7.6380615     0.642334            0            0        7.469 
         230   -7.6384998     0.634865            0            0        7.469 
         232   -7.6389283     0.627396            0            0        7.469 
         234   -7.6393468     0.619927            0            0        7.469 
         236   -7.6397565     0.612458            0            0        7.469 
         238   -7.6401561     0.604989            0            0        7.469 
         240   -7.6405427      0.59752            0            0        7.469 
         242   -7.6409271     0.590051            0            0        7.469 
         244   -7.6413165     0.582582            0            0        7.469 
         246   -7.6417033     0.575113            0            0        7.469 
         248   -7.6420943     0.567644            0            0        7.469 
         250      -7.6425     0.560175            0            0        7.469 
         252   -7.6428906     0.552706            0            0        7.469 
         254   -7.6432686     0.545237            0            0        7.469 
         256   -7.6436418     0.537768            0            0        7.469 
         258   -7.6440024     0.530299            0            0        7.469 
         260   -7.6443541      0.52283            0            0        7.469 
         262    -7.644698     0.515361            0            0        7.469 
         264   -7.6450391     0.507892            0            0        7.469 
         266   -7.6453684     0.500423            0            0        7.469 
         268    -7.645692     0.492954            0            0        7.469 
         270   -7.6461143     0.485485            0            0        7.469 
         272   -7.6464512     0.478016            0            0        7.469 
         274    -7.646779     0.470547            0            0        7.469 
         276   -7.6470997     0.463078            0            0        7.469 
         278   -7.6474216     0.455609            0            0        7.469 
         280    -7.647842      0.44814            0            0        7.469 
         282   -7.6481552     0.440671            0            0        7.469 
         284   -7.6484614     0.433202            0            0        7.469 
         286   -7.6487557     0.425733            0            0        7.469 
         288   -7.6490412     0.418264            0            0        7.469 
         290   -7.6493211     0.410795            0            0        7.469 
         292   -7.6495948     0.403326            0            0        7.469 
         294    -7.650117     0.395857            0            0        7.469 
         296   -7.6503717     0.388388            0            0        7.469 
         298    -7.650617     0.380919            0            0        7.469 
         300   -7.6508533      0.37345            0            0        7.469 
         302   -7.6510789     0.365981            0            0        7.469 
         304   -7.6512951     0.358512            0            0        7.469 
         306   -7.6515054     0.351043            0            0        7.469 
         308   -7.6517051     0.343574            0            0        7.469 
         310   -7.6518972     0.336105            0            0        7.469 
         312   -7.6520853     0.328636            0            0        7.469 
         314   -7.6522663     0.321167            0            0        7.469 
         316   -7.6524468     0.313698            0            0        7.469 
         318   -7.6533588     0.306229            0            0        7.469 
         320   -7.6535395      0.29876            0            0        7.469 
         322   -7.6537114     0.291291            0            0        7.469 
         324   -7.6548294     0.283822            0            0        7.469 
         326   -7.6550041     0.276353            0            0        7.469 
         328   -7.6551686     0.268884            0            0        7.469 
         330   -7.6553191     0.261415            0            0        7.469 
         332   -7.6554592     0.253946            0            0        7.469 
         334   -7.6555858     0.246477            0            0        7.469 
         336    -7.655702     0.239008            0            0        7.469 
         338   -7.6558082     0.231539            0            0        7.469 
         340   -7.6559015      0.22407            0            0        7.469 
         342   -7.6559868     0.216601            0            0        7.469 
         344   -7.6560606     0.209132            0            0        7.469 
         346   -7.6561345     0.201663            0            0        7.469 
         348   -7.6562624     0.194194            0            0        7.469 
         350   -7.6563373     0.186725            0            0        7.469 
         352   -7.6564127     0.179256            0            0        7.469 
         354   -7.6564742     0.171787            0            0        7.469 
         356   -7.6565319     0.164318            0            0        7.469 
         358   -7.6565811     0.156849            0            0        7.469 
         360    -7.656625      0.14938            0            0        7.469 
         362   -7.6566575     0.141911            0            0        7.469 
         364   -7.6566792     0.134442            0            0        7.469 
         366   -7.6567021     0.126973            0            0        7.469 
         368   -7.6567095     0.119504            0            0        7.469 
         370   -7.6567034     0.112035            0            0        7.469 
         372   -7.6566916     0.104566            0            0        7.469 
         374   -7.6566693     0.097097            0            0        7.469 
         376   -7.6566388     0.089628            0            0        7.469 
         378   -7.6565919     0.082159            0            0        7.469 
         380   -7.6565376      0.07469            0            0        7.469 
         382   -7.6564692     0.067221            0            0        7.469 
         384   -7.6563911     0.059752            0            0        7.469 
         386   -7.6562999     0.052283            0            0        7.469 
         388   -7.6561941     0.044814            0            0        7.469 
         390   -7.6560829     0.037345            0            0        7.469 
         392   -7.6559721     0.029876            0            0        7.469 
         394   -7.6558468     0.022407            0            0        7.469 
         396   -7.6557101     0.014938            0            0        7.469 
         398   -7.6555606     0.007469            0            0        7.469 
         400   -7.6554047 -8.8817842e-16            0            0        7.469 
         400   -7.6554048 -8.8817842e-16            0            0        7.469 
         402   -7.6552756    -0.007469            0            0        7.469 
         404   -7.6551079    -0.014938            0            0        7.469 
         406   -7.6549315    -0.022407            0            0        7.469 
         408   -7.6548423    -0.029876            0            0        7.469 
         410    -7.654695    -0.037345            0            0        7.469 
         412   -7.6545569    -0.044814            0            0        7.469 
         414   -7.6544005    -0.052283            0            0        7.469 
         416   -7.6544242    -0.059752            0            0        7.469 
         418   -7.6542677    -0.067221            0            0        7.469 
         420   -7.6540965     -0.07469            0            0        7.469 
         422   -7.6539146    -0.082159            0            0        7.469 
         424   -7.6537166    -0.089628            0            0        7.469 
         426   -7.6535192    -0.097097            0            0        7.469 
         428    -7.653305    -0.104566            0            0        7.469 
         430   -7.6537234    -0.112035            0            0        7.469 
         432   -7.6535239    -0.119504            0            0        7.469 
         434   -7.6533133    -0.126973            0            0        7.469 
         436   -7.6530914    -0.134442            0            0        7.469 
         438    -7.652858    -0.141911            0            0        7.469 
         440   -7.6526152     -0.14938            0            0        7.469 
         442   -7.6523581    -0.156849            0            0        7.469 
         444   -7.6520923    -0.164318            0            0        7.469 
         446   -7.6518131    -0.171787            0            0        7.469 
         448   -7.6515207    -0.179256            0            0        7.469 
         450   -7.6512195    -0.186725            0            0        7.469 
         452     -7.65091    -0.194194            0            0        7.469 
         454   -7.6505934    -0.201663            0            0        7.469 
         456   -7.6502659    -0.209132            0            0        7.469 
         458   -7.6499309    -0.216601            0            0        7.469 
         460   -7.6496091     -0.22407            0            0        7.469 
         462   -7.6498791    -0.231539            0            0        7.469 
         464   -7.6495362    -0.239008            0            0        7.469 
         466   -7.6491796    -0.246477            0            0        7.469 
         468   -7.6488154    -0.253946            0            0        7.469 
         470   -7.6484357    -0.261415            0            0        7.469 
         472   -7.6480402    -0.268884            0            0        7.469 
         474    -7.647954    -0.276353            0            0        7.469 
         476   -7.6475673    -0.283822            0            0        7.469 
         478   -7.6471679    -0.291291            0            0        7.469 
         480    -7.646752     -0.29876            0            0        7.469 
         482   -7.6463233    -0.306229            0            0        7.469 
         484   -7.6458806    -0.313698            0            0        7.469 
         486   -7.6454271    -0.321167            0            0        7.469 
         488   -7.6449568    -0.328636            0            0        7.469 
         490   -7.6444773    -0.336105            0            0        7.469 
         492   -7.6439846    -0.343574            0            0        7.469 
         494   -7.6434759    -0.351043            0            0        7.469 
         496   -7.6429631    -0.358512            0            0        7.469 
         498   -7.6424323    -0.365981            0            0        7.469 
         500   -7.6418873     -0.37345            0            0        7.469 
         502   -7.6413285    -0.380919            0            0        7.469 
         504   -7.6407607    -0.388388            0            0        7.469 
         506   -7.6401793    -0.395857            0            0        7.469 
         508   -7.6395835    -0.403326            0            0        7.469 
         510   -7.6389758    -0.410795            0            0        7.469 
         512   -7.6383552    -0.418264            0            0        7.469 
         514   -7.6377204    -0.425733            0            0        7.469 
         516   -7.6370732    -0.433202            0            0        7.469 
         518   -7.6364143    -0.440671            0            0        7.469 
         520   -7.6357412     -0.44814            0            0        7.469 
         522   -7.6350573    -0.455609            0            0        7.469 
         524   -7.6343587    -0.463078            0            0        7.469 
         526   -7.6336495    -0.470547            0            0        7.469 
         528   -7.6329301    -0.478016            0            0        7.469 
         530   -7.6321943    -0.485485            0            0        7.469 
         532   -7.6314507    -0.492954            0            0        7.469 
         534   -7.6306918    -0.500423            0            0        7.469 
         536   -7.6299207    -0.507892            0            0        7.469 
         538   -7.6291379    -0.515361            0            0        7.469 
         540   -7.6283406     -0.52283            0            0        7.469 
         542   -7.6275329    -0.530299            0            0        7.469 
         544   -7.6267156    -0.537768            0            0        7.469 
         546   -7.6258936    -0.545237            0            0        7.469 
         548   -7.6259578    -0.552706            0            0        7.469 
         550   -7.6251985    -0.560175            0            0        7.469 
         552    -7.624427    -0.567644            0            0        7.469 
         554   -7.6236437    -0.575113            0            0        7.469 
         556   -7.6228488    -0.582582            0            0        7.469 
         558   -7.6220422    -0.590051            0            0        7.469 
         560   -7.6212285     -0.59752            0            0        7.469 
         562   -7.6204004    -0.604989            0            0        7.469 
         564   -7.6195612    -0.612458            0            0        7.469 
         566   -7.6187097    -0.619927            0            0        7.469 
         568   -7.6178477    -0.627396            0            0        7.469 
         570   -7.6169726    -0.634865            0            0        7.469 
         572   -7.6160863    -0.642334            0            0        7.469 
         574    -7.615186    -0.649803            0            0        7.469 
         576   -7.6142783    -0.657272            0            0        7.469 
         578   -7.6133598    -0.664741            0            0        7.469 
         580   -7.6124288     -0.67221            0            0        7.469 
         582   -7.6114862    -0.679679            0            0        7.469 
         584    -7.610531    -0.687148            0            0        7.469 
         586   -7.6095668    -0.694617            0            0        7.469 
         588   -7.6085888    -0.702086            0            0        7.469 
         590   -7.6076032    -0.709555            0            0        7.469 
         592   -7.6066081    -0.717024            0            0        7.469 
         594   -7.6056014    -0.724493            0            0        7.469 
         596   -7.6045882    -0.731962            0            0        7.469 
         598   -7.6035627    -0.739431            0            0        7.469 
         600   -7.6025294      -0.7469            0            0        7.469 
         602   -7.6035659    -0.739431            0            0        7.469 
         604   -7.6045903    -0.731962            0            0        7.469 
         606   -7.6056034    -0.724493            0            0        7.469 
         608   -7.6066093    -0.717024            0            0        7.469 
         610   -7.6076046    -0.709555            0            0        7.469 
         612   -7.6085919    -0.702086            0            0        7.469 
         614   -7.6095674    -0.694617            0            0        7.469 
         616   -7.6105328    -0.687148            0            0        7.469 
         618   -7.6114869    -0.679679            0            0        7.469 
         620   -7.6124289     -0.67221            0            0        7.469 
         622   -7.6133582    -0.664741            0            0        7.469 
         624   -7.6142806    -0.657272            0            0        7.469 
         626   -7.6151888    -0.649803            0            0        7.469 
         628   -7.6160856    -0.642334            0            0        7.469 
         630   -7.6169709    -0.634865            0            0        7.469 
         632   -7.6178451    -0.627396            0            0        7.469 
         634   -7.6187099    -0.619927            0            0        7.469 
         636   -7.6195621    -0.612458            0            0        7.469 
         638    -7.620399    -0.604989            0            0        7.469 
         640   -7.6212272     -0.59752            0            0        7.469 
         642   -7.6220451    -0.590051            0            0        7.469 
         644   -7.6228495    -0.582582            0            0        7.469 
         646   -7.6236436    -0.575113            0            0        7.469 
         648   -7.6244263    -0.567644            0            0        7.469 
         650   -7.6251968    -0.560175            0            0        7.469 
         652   -7.6259575    -0.552706            0            0        7.469 
         654   -7.6267032    -0.545237            0            0        7.469 
         656   -7.6274362    -0.537768            0            0        7.469 
         658   -7.6281571    -0.530299            0            0        7.469 
         660   -7.6288652     -0.52283            0            0        7.469 
         662   -7.6295591    -0.515361            0            0        7.469 
         664   -7.6302413    -0.507892            0            0        7.469 
         666   -7.6309135    -0.500423            0            0        7.469 
         668   -7.6315741    -0.492954            0            0        7.469 
         670   -7.6322222    -0.485485            0            0        7.469 
         672   -7.6328611    -0.478016            0            0        7.469 
         674   -7.6334894    -0.470547            0            0        7.469 
         676   -7.6341053    -0.463078            0            0        7.469 
         678   -7.6347147    -0.455609            0            0        7.469 
         680   -7.6357393     -0.44814            0            0        7.469 
         682   -7.6364127    -0.440671            0            0        7.469 
         684   -7.6370732    -0.433202            0            0        7.469 
         686   -7.6377206    -0.425733            0            0        7.469 
         688   -7.6383548    -0.418264            0            0        7.469 
         690   -7.6389758    -0.410795            0            0        7.469 
         692   -7.6395842    -0.403326            0            0        7.469 
         694   -7.6401806    -0.395857            0            0        7.469 
         696   -7.6407628    -0.388388            0            0        7.469 
         698   -7.6413327    -0.380919            0            0        7.469 
         700   -7.6418886     -0.37345            0            0        7.469 
         702   -7.6424328    -0.365981            0            0        7.469 
         704   -7.6429611    -0.358512            0            0        7.469 
         706   -7.6434773    -0.351043            0            0        7.469 
         708   -7.6439831    -0.343574            0            0        7.469 
         710    -7.644476    -0.336105            0            0        7.469 
         712   -7.6449574    -0.328636            0            0        7.469 
         714   -7.6454282    -0.321167            0            0        7.469 
         716   -7.6458821    -0.313698            0            0        7.469 
         718   -7.6463221    -0.306229            0            0        7.469 
         720   -7.6467511     -0.29876            0            0        7.469 
         722   -7.6471649    -0.291291            0            0        7.469 
         724   -7.6475652    -0.283822            0            0        7.469 
         726   -7.6479557    -0.276353            0            0        7.469 
         728    -7.648328    -0.268884            0            0        7.469 
         730   -7.6486869    -0.261415            0            0        7.469 
         732   -7.6490316    -0.253946            0            0        7.469 
         734   -7.6493669    -0.246477            0            0        7.469 
         736   -7.6496846    -0.239008            0            0        7.469 
         738   -7.6499897    -0.231539            0            0        7.469 
         740   -7.6502834     -0.22407            0            0        7.469 
         742   -7.6506985    -0.216601            0            0        7.469 
         744   -7.6509748    -0.209132            0            0        7.469 
         746   -7.6512362    -0.201663            0            0        7.469 
         748   -7.6514858    -0.194194            0            0        7.469 
         750   -7.6517201    -0.186725            0            0        7.469 
         752   -7.6519467    -0.179256            0            0        7.469 
         754   -7.6521677    -0.171787            0            0        7.469 
         756   -7.6523731    -0.164318            0            0        7.469 
         758   -7.6526761    -0.156849            0            0        7.469 
         760   -7.6528825     -0.14938            0            0        7.469 
         762   -7.6530816    -0.141911            0            0        7.469 
         764   -7.6532835    -0.134442            0            0        7.469 
         766   -7.6534666    -0.126973            0            0        7.469 
         768   -7.6536363    -0.119504            0            0        7.469 
         770   -7.6537946    -0.112035            0            0        7.469 
         772   -7.6539458    -0.104566            0            0        7.469 
         774   -7.6540829    -0.097097            0            0        7.469 
         776   -7.6542068    -0.089628            0            0        7.469 
         778   -7.6543218    -0.082159            0            0        7.469 
         780   -7.6544239     -0.07469            0            0        7.469 
         782    -7.654513    -0.067221            0            0        7.469 
         784   -7.6545917    -0.059752            0            0        7.469 
         786   -7.6546572    -0.052283            0            0        7.469 
         788   -7.6547099    -0.044814            0            0        7.469 
         790    -7.654753    -0.037345            0            0        7.469 
         792    -7.654784    -0.029876            0            0        7.469 
         794   -7.6548013    -0.022407            0            0        7.469 
         796   -7.6548097    -0.014938            0            0        7.469 
         798   -7.6548048    -0.007469            0            0        7.469 
         800   -7.6547876 -8.8817842e-16            0            0        7.469 
